INFO:root:SQL: SELECT * FROM tg_users WHERE tg_id = "1284017375"
INFO:root:SQL: SELECT * FROM tg_users WHERE tg_id = "1284017375"
INFO:root:SQL: INSERT INTO tg_users(tg_id) VALUES("1284017375")
INFO:root:SQL: UPDATE tg_users SET user_state = "wait_fio", username = "gem_tian" WHERE tg_id = "1284017375"
INFO:root:SQL: SELECT * FROM tg_users WHERE tg_id = "1284017375"
INFO:root:SQL: UPDATE tg_users SET fio = "Кофечко С Молочком", user_state = "wait_age" WHERE tg_id = "1284017375"
INFO:root:SQL: SELECT * FROM tg_users WHERE tg_id = "1284017375"
INFO:root:SQL: UPDATE tg_users SET age = "12", photo_file_id = "AgACAgIAAxkDAAN9ZOaJuJ3B9Sm1H0jLuhw8LJdXByMAAu6sMRstycBKqqX9mMmyUbQBAAMCAANjAAMwBA", user_state = "wait_education" WHERE tg_id = "1284017375"
INFO:root:SQL: SELECT * FROM tg_users WHERE tg_id = "1284017375"
INFO:root:SQL: UPDATE tg_users SET user_state = "done", education = "Аспирантура 👨‍🔬" WHERE tg_id = "1284017375"
INFO:root:SQL: INSERT INTO done_users(tg_id) VALUES("1284017375")
INFO:root:SQL: SELECT * FROM tg_users WHERE tg_id = "1284017375"
INFO:root:SQL: SELECT * FROM tg_users WHERE tg_id = "1284017375"
INFO:root:SQL: SELECT * FROM tg_users WHERE tg_id = "338600505"
INFO:root:SQL: INSERT INTO tg_users(tg_id) VALUES("338600505")
INFO:root:SQL: UPDATE tg_users SET user_state = "wait_fio", username = "lippert_mark" WHERE tg_id = "338600505"
INFO:root:SQL: SELECT * FROM tg_users WHERE tg_id = "338600505"
INFO:root:SQL: UPDATE tg_users SET fio = "Липперт Марк Дмитриевич", user_state = "wait_age" WHERE tg_id = "338600505"
INFO:root:SQL: SELECT * FROM tg_users WHERE tg_id = "338600505"
INFO:root:SQL: UPDATE tg_users SET age = "12", photo_file_id = "AgACAgIAAxkDAAIBimTofWbnyxapzzM45qPhBTBtW8dTAAK2pzEbOaIuFEvQUbS4JLqyAQADAgADYwADMAQ", user_state = "wait_education" WHERE tg_id = "338600505"
INFO:root:SQL: SELECT * FROM tg_users WHERE tg_id = "338600505"
INFO:root:SQL: UPDATE tg_users SET user_state = "done", education = "Магистратура 👨‍🎓" WHERE tg_id = "338600505"
INFO:root:SQL: INSERT INTO done_users(tg_id) VALUES("338600505")
INFO:root:SQL: SELECT * FROM tg_users WHERE tg_id = "338600505"
INFO:root:SQL: SELECT * FROM tg_users WHERE tg_id = "338600505"
INFO:root:SQL: SELECT * FROM tg_users WHERE tg_id = "1284017375"
INFO:root:SQL: UPDATE tg_users SET last_viewed = "1284017375" WHERE tg_id = "338600505"
INFO:root:SQL: SELECT * FROM tg_users WHERE tg_id = "338600505"
INFO:root:SQL: SELECT * FROM tg_users WHERE tg_id = "338600505"
INFO:root:SQL: SELECT * FROM tg_users WHERE tg_id = "1284017375"
INFO:root:SQL: UPDATE tg_users SET last_viewed = "1284017375" WHERE tg_id = "338600505"
INFO:root:SQL: SELECT * FROM tg_users WHERE tg_id = "338600505"
INFO:root:SQL: SELECT * FROM tg_users WHERE tg_id = "338600505"
INFO:root:SQL: SELECT * FROM tg_users WHERE tg_id = "1284017375"
INFO:root:SQL: UPDATE tg_users SET last_viewed = "1284017375" WHERE tg_id = "338600505"
INFO:root:SQL: SELECT * FROM tg_users WHERE tg_id = "1284017375"
INFO:root:SQL: SELECT * FROM tg_users WHERE tg_id = "1284017375"
INFO:root:SQL: SELECT * FROM tg_users WHERE tg_id = "338600505"
INFO:root:SQL: UPDATE tg_users SET last_viewed = "338600505" WHERE tg_id = "1284017375"
INFO:root:SQL: SELECT * FROM tg_users WHERE tg_id = "1284017375"
INFO:root:SQL: SELECT * FROM tg_users WHERE tg_id = "1284017375"
INFO:root:SQL: SELECT * FROM tg_users WHERE tg_id = "338600505"
INFO:root:SQL: UPDATE tg_users SET last_viewed = "338600505" WHERE tg_id = "1284017375"
INFO:root:SQL: SELECT * FROM tg_users WHERE tg_id = "1284017375"
INFO:root:SQL: SELECT * FROM tg_users WHERE tg_id = "1284017375"
INFO:root:SQL: SELECT * FROM tg_users WHERE tg_id = "338600505"
INFO:root:SQL: UPDATE tg_users SET last_viewed = "338600505" WHERE tg_id = "1284017375"
INFO:root:SQL: SELECT * FROM tg_users WHERE tg_id = "1284017375"
INFO:root:SQL: SELECT * FROM tg_users WHERE tg_id = "1284017375"
INFO:root:SQL: SELECT * FROM tg_users WHERE tg_id = "338600505"
INFO:root:SQL: UPDATE tg_users SET last_viewed = "338600505" WHERE tg_id = "1284017375"
INFO:root:SQL: SELECT * FROM tg_users WHERE tg_id = "338600505"
INFO:root:SQL: SELECT * FROM tg_users WHERE tg_id = "338600505"
INFO:root:SQL: SELECT * FROM tg_users WHERE tg_id = "1284017375"
INFO:root:SQL: UPDATE tg_users SET last_viewed = "1284017375" WHERE tg_id = "338600505"
ERROR:TeleBot:Infinity polling: polling exited
ERROR:TeleBot:Break infinity polling
